Grammar

    0 $accept: Datablocks $end

    1 Datablocks: Assignments
    2           | Datablocks Datablock

    3 Datablock: DatablockName Assignments

    4 Assignments: /* empty */
    5            | Assignments error Assignment
    6            | Assignments Assignment

    7 Assignment: ItemName ItemValue
    8           | ItemNameList ValueList

    9 ItemNameList: Loop ItemName
   10             | ItemNameList ItemName

   11 ValueList: ItemValue
   12          | ValueList ItemValue

   13 ItemName: ITEMNAME_CIF

   14 Loop: LOOP_CIF

   15 ItemValue: ITEMVALUE_CIF
   16          | LSITEMVALUE_CIF
   17          | UNKNOWN_CIF
   18          | MISSING_CIF

   19 DatablockName: DATABLOCK_CIF


Terminals, with rules where they appear

$end (0) 0
error (256) 5
ITEMNAME_CIF (258) 13
ITEMVALUE_CIF (259) 15
LSITEMVALUE_CIF (260) 16
LOOP_CIF (261) 14
DATABLOCK_CIF (262) 19
UNKNOWN_CIF (263) 17
MISSING_CIF (264) 18


Nonterminals, with rules where they appear

$accept (10)
    on left: 0
Datablocks (11)
    on left: 1 2, on right: 0 2
Datablock (12)
    on left: 3, on right: 2
Assignments (13)
    on left: 4 5 6, on right: 1 3 5 6
Assignment (14)
    on left: 7 8, on right: 5 6
ItemNameList (15)
    on left: 9 10, on right: 8 10
ValueList (16)
    on left: 11 12, on right: 8 12
ItemName (17)
    on left: 13, on right: 7 9 10
Loop (18)
    on left: 14, on right: 9
ItemValue (19)
    on left: 15 16 17 18, on right: 7 11 12
DatablockName (20)
    on left: 19, on right: 3


state 0

    0 $accept: . Datablocks $end

    $default  reduce using rule 4 (Assignments)

    Datablocks   go to state 1
    Assignments  go to state 2


state 1

    0 $accept: Datablocks . $end
    2 Datablocks: Datablocks . Datablock

    $end           shift, and go to state 3
    DATABLOCK_CIF  shift, and go to state 4

    Datablock      go to state 5
    DatablockName  go to state 6


state 2

    1 Datablocks: Assignments .
    5 Assignments: Assignments . error Assignment
    6            | Assignments . Assignment

    error         shift, and go to state 7
    ITEMNAME_CIF  shift, and go to state 8
    LOOP_CIF      shift, and go to state 9

    $end           reduce using rule 1 (Datablocks)
    DATABLOCK_CIF  reduce using rule 1 (Datablocks)

    Assignment    go to state 10
    ItemNameList  go to state 11
    ItemName      go to state 12
    Loop          go to state 13


state 3

    0 $accept: Datablocks $end .

    $default  accept


state 4

   19 DatablockName: DATABLOCK_CIF .

    $default  reduce using rule 19 (DatablockName)


state 5

    2 Datablocks: Datablocks Datablock .

    $default  reduce using rule 2 (Datablocks)


state 6

    3 Datablock: DatablockName . Assignments

    $default  reduce using rule 4 (Assignments)

    Assignments  go to state 14


state 7

    5 Assignments: Assignments error . Assignment

    ITEMNAME_CIF  shift, and go to state 8
    LOOP_CIF      shift, and go to state 9

    Assignment    go to state 15
    ItemNameList  go to state 11
    ItemName      go to state 12
    Loop          go to state 13


state 8

   13 ItemName: ITEMNAME_CIF .

    $default  reduce using rule 13 (ItemName)


state 9

   14 Loop: LOOP_CIF .

    $default  reduce using rule 14 (Loop)


state 10

    6 Assignments: Assignments Assignment .

    $default  reduce using rule 6 (Assignments)


state 11

    8 Assignment: ItemNameList . ValueList
   10 ItemNameList: ItemNameList . ItemName

    ITEMNAME_CIF     shift, and go to state 8
    ITEMVALUE_CIF    shift, and go to state 16
    LSITEMVALUE_CIF  shift, and go to state 17
    UNKNOWN_CIF      shift, and go to state 18
    MISSING_CIF      shift, and go to state 19

    ValueList  go to state 20
    ItemName   go to state 21
    ItemValue  go to state 22


state 12

    7 Assignment: ItemName . ItemValue

    ITEMVALUE_CIF    shift, and go to state 16
    LSITEMVALUE_CIF  shift, and go to state 17
    UNKNOWN_CIF      shift, and go to state 18
    MISSING_CIF      shift, and go to state 19

    ItemValue  go to state 23


state 13

    9 ItemNameList: Loop . ItemName

    ITEMNAME_CIF  shift, and go to state 8

    ItemName  go to state 24


state 14

    3 Datablock: DatablockName Assignments .
    5 Assignments: Assignments . error Assignment
    6            | Assignments . Assignment

    error         shift, and go to state 7
    ITEMNAME_CIF  shift, and go to state 8
    LOOP_CIF      shift, and go to state 9

    $end           reduce using rule 3 (Datablock)
    DATABLOCK_CIF  reduce using rule 3 (Datablock)

    Assignment    go to state 10
    ItemNameList  go to state 11
    ItemName      go to state 12
    Loop          go to state 13


state 15

    5 Assignments: Assignments error Assignment .

    $default  reduce using rule 5 (Assignments)


state 16

   15 ItemValue: ITEMVALUE_CIF .

    $default  reduce using rule 15 (ItemValue)


state 17

   16 ItemValue: LSITEMVALUE_CIF .

    $default  reduce using rule 16 (ItemValue)


state 18

   17 ItemValue: UNKNOWN_CIF .

    $default  reduce using rule 17 (ItemValue)


state 19

   18 ItemValue: MISSING_CIF .

    $default  reduce using rule 18 (ItemValue)


state 20

    8 Assignment: ItemNameList ValueList .
   12 ValueList: ValueList . ItemValue

    ITEMVALUE_CIF    shift, and go to state 16
    LSITEMVALUE_CIF  shift, and go to state 17
    UNKNOWN_CIF      shift, and go to state 18
    MISSING_CIF      shift, and go to state 19

    $default  reduce using rule 8 (Assignment)

    ItemValue  go to state 25


state 21

   10 ItemNameList: ItemNameList ItemName .

    $default  reduce using rule 10 (ItemNameList)


state 22

   11 ValueList: ItemValue .

    $default  reduce using rule 11 (ValueList)


state 23

    7 Assignment: ItemName ItemValue .

    $default  reduce using rule 7 (Assignment)


state 24

    9 ItemNameList: Loop ItemName .

    $default  reduce using rule 9 (ItemNameList)


state 25

   12 ValueList: ValueList ItemValue .

    $default  reduce using rule 12 (ValueList)
