Grammar

    0 $accept: Datablocks $end

    1 Datablocks: Sections
    2           | Datablocks Datablock

    3 Datablock: DatablockName Sections

    4 Sections: /* empty */
    5         | Sections Section

    6 Section: Assignment
    7        | SaveBegin Assignments SaveEnd

    8 Assignments: /* empty */
    9            | Assignments error Assignment
   10            | Assignments Assignment

   11 Assignment: ItemName ItemValue
   12           | ItemNameList ValueList

   13 ItemNameList: Loop ItemName
   14             | ItemNameList ItemName

   15 ValueList: ItemValue
   16          | ValueList ItemValue

   17 ItemName: ITEMNAME_DIC

   18 Loop: LOOP_DIC

   19 ItemValue: ITEMVALUE_DIC
   20          | LSITEMVALUE_DIC
   21          | UNKNOWN_DIC
   22          | MISSING_DIC

   23 SaveBegin: SAVE_BEGIN_DIC

   24 SaveEnd: SAVE_END_DIC

   25 DatablockName: DATABLOCK_DIC


Terminals, with rules where they appear

$end (0) 0
error (256) 9
ITEMNAME_DIC (258) 17
ITEMVALUE_DIC (259) 19
LSITEMVALUE_DIC (260) 20
LOOP_DIC (261) 18
DATABLOCK_DIC (262) 25
UNKNOWN_DIC (263) 21
MISSING_DIC (264) 22
SAVE_BEGIN_DIC (265) 23
SAVE_END_DIC (266) 24


Nonterminals, with rules where they appear

$accept (12)
    on left: 0
Datablocks (13)
    on left: 1 2, on right: 0 2
Datablock (14)
    on left: 3, on right: 2
Sections (15)
    on left: 4 5, on right: 1 3 5
Section (16)
    on left: 6 7, on right: 5
Assignments (17)
    on left: 8 9 10, on right: 7 9 10
Assignment (18)
    on left: 11 12, on right: 6 9 10
ItemNameList (19)
    on left: 13 14, on right: 12 14
ValueList (20)
    on left: 15 16, on right: 12 16
ItemName (21)
    on left: 17, on right: 11 13 14
Loop (22)
    on left: 18, on right: 13
ItemValue (23)
    on left: 19 20 21 22, on right: 11 15 16
SaveBegin (24)
    on left: 23, on right: 7
SaveEnd (25)
    on left: 24, on right: 7
DatablockName (26)
    on left: 25, on right: 3


state 0

    0 $accept: . Datablocks $end

    $default  reduce using rule 4 (Sections)

    Datablocks  go to state 1
    Sections    go to state 2


state 1

    0 $accept: Datablocks . $end
    2 Datablocks: Datablocks . Datablock

    $end           shift, and go to state 3
    DATABLOCK_DIC  shift, and go to state 4

    Datablock      go to state 5
    DatablockName  go to state 6


state 2

    1 Datablocks: Sections .
    5 Sections: Sections . Section

    ITEMNAME_DIC    shift, and go to state 7
    LOOP_DIC        shift, and go to state 8
    SAVE_BEGIN_DIC  shift, and go to state 9

    $default  reduce using rule 1 (Datablocks)

    Section       go to state 10
    Assignment    go to state 11
    ItemNameList  go to state 12
    ItemName      go to state 13
    Loop          go to state 14
    SaveBegin     go to state 15


state 3

    0 $accept: Datablocks $end .

    $default  accept


state 4

   25 DatablockName: DATABLOCK_DIC .

    $default  reduce using rule 25 (DatablockName)


state 5

    2 Datablocks: Datablocks Datablock .

    $default  reduce using rule 2 (Datablocks)


state 6

    3 Datablock: DatablockName . Sections

    $default  reduce using rule 4 (Sections)

    Sections  go to state 16


state 7

   17 ItemName: ITEMNAME_DIC .

    $default  reduce using rule 17 (ItemName)


state 8

   18 Loop: LOOP_DIC .

    $default  reduce using rule 18 (Loop)


state 9

   23 SaveBegin: SAVE_BEGIN_DIC .

    $default  reduce using rule 23 (SaveBegin)


state 10

    5 Sections: Sections Section .

    $default  reduce using rule 5 (Sections)


state 11

    6 Section: Assignment .

    $default  reduce using rule 6 (Section)


state 12

   12 Assignment: ItemNameList . ValueList
   14 ItemNameList: ItemNameList . ItemName

    ITEMNAME_DIC     shift, and go to state 7
    ITEMVALUE_DIC    shift, and go to state 17
    LSITEMVALUE_DIC  shift, and go to state 18
    UNKNOWN_DIC      shift, and go to state 19
    MISSING_DIC      shift, and go to state 20

    ValueList  go to state 21
    ItemName   go to state 22
    ItemValue  go to state 23


state 13

   11 Assignment: ItemName . ItemValue

    ITEMVALUE_DIC    shift, and go to state 17
    LSITEMVALUE_DIC  shift, and go to state 18
    UNKNOWN_DIC      shift, and go to state 19
    MISSING_DIC      shift, and go to state 20

    ItemValue  go to state 24


state 14

   13 ItemNameList: Loop . ItemName

    ITEMNAME_DIC  shift, and go to state 7

    ItemName  go to state 25


state 15

    7 Section: SaveBegin . Assignments SaveEnd

    $default  reduce using rule 8 (Assignments)

    Assignments  go to state 26


state 16

    3 Datablock: DatablockName Sections .
    5 Sections: Sections . Section

    ITEMNAME_DIC    shift, and go to state 7
    LOOP_DIC        shift, and go to state 8
    SAVE_BEGIN_DIC  shift, and go to state 9

    $default  reduce using rule 3 (Datablock)

    Section       go to state 10
    Assignment    go to state 11
    ItemNameList  go to state 12
    ItemName      go to state 13
    Loop          go to state 14
    SaveBegin     go to state 15


state 17

   19 ItemValue: ITEMVALUE_DIC .

    $default  reduce using rule 19 (ItemValue)


state 18

   20 ItemValue: LSITEMVALUE_DIC .

    $default  reduce using rule 20 (ItemValue)


state 19

   21 ItemValue: UNKNOWN_DIC .

    $default  reduce using rule 21 (ItemValue)


state 20

   22 ItemValue: MISSING_DIC .

    $default  reduce using rule 22 (ItemValue)


state 21

   12 Assignment: ItemNameList ValueList .
   16 ValueList: ValueList . ItemValue

    ITEMVALUE_DIC    shift, and go to state 17
    LSITEMVALUE_DIC  shift, and go to state 18
    UNKNOWN_DIC      shift, and go to state 19
    MISSING_DIC      shift, and go to state 20

    $default  reduce using rule 12 (Assignment)

    ItemValue  go to state 27


state 22

   14 ItemNameList: ItemNameList ItemName .

    $default  reduce using rule 14 (ItemNameList)


state 23

   15 ValueList: ItemValue .

    $default  reduce using rule 15 (ValueList)


state 24

   11 Assignment: ItemName ItemValue .

    $default  reduce using rule 11 (Assignment)


state 25

   13 ItemNameList: Loop ItemName .

    $default  reduce using rule 13 (ItemNameList)


state 26

    7 Section: SaveBegin Assignments . SaveEnd
    9 Assignments: Assignments . error Assignment
   10            | Assignments . Assignment

    error         shift, and go to state 28
    ITEMNAME_DIC  shift, and go to state 7
    LOOP_DIC      shift, and go to state 8
    SAVE_END_DIC  shift, and go to state 29

    Assignment    go to state 30
    ItemNameList  go to state 12
    ItemName      go to state 13
    Loop          go to state 14
    SaveEnd       go to state 31


state 27

   16 ValueList: ValueList ItemValue .

    $default  reduce using rule 16 (ValueList)


state 28

    9 Assignments: Assignments error . Assignment

    ITEMNAME_DIC  shift, and go to state 7
    LOOP_DIC      shift, and go to state 8

    Assignment    go to state 32
    ItemNameList  go to state 12
    ItemName      go to state 13
    Loop          go to state 14


state 29

   24 SaveEnd: SAVE_END_DIC .

    $default  reduce using rule 24 (SaveEnd)


state 30

   10 Assignments: Assignments Assignment .

    $default  reduce using rule 10 (Assignments)


state 31

    7 Section: SaveBegin Assignments SaveEnd .

    $default  reduce using rule 7 (Section)


state 32

    9 Assignments: Assignments error Assignment .

    $default  reduce using rule 9 (Assignments)
