=========================================================
Job: test
Mon Jun 15 15:28:53 2015  start...
UUGAGGGUCGCAUCCCGUGGAAACAGGUUCAUUGGG
....(((......)))...(((.....)))......
----------------------------------------
Construct 2D structures...
Find templates...
  for loop: UUGAGGCCGUGGAUCAUUGGG ....(())...(())......&
  for loop: GGUCGCAUCC ((......))
    find: loop_1AJU_3
      sequence: GCCUGGGAGC
      secondary structure: ((......))
      family: other
      score: 1
    find: loop_1AKX_2
      sequence: GCCUGGGAGC
      secondary structure: ((......))
      family: other
      score: 1
    find: loop_1AQO_3
      sequence: AACAGUGCUU
      secondary structure: ((......))
      family: other
      score: 1
    find: loop_1ARJ_3
      sequence: GCCUGGGAGC
      secondary structure: ((......))
      family: other
      score: 1
    find: loop_1BVJ_2
      sequence: GUGUAAAAAU
      secondary structure: ((......))
      family: other
      score: 1
  for helix: GGGCCC ((()))
    find: /home/wangjian/lib2/helix/helix_157D_3.pdb
      sequence: GCGCGC
      score: 4.666667
