This file contains any messages produced by compilers while
running configure, to aid debugging if configure makes a mistake.

It was created by nsp configure 2.0, which was
generated by GNU Autoconf 2.63.  Invocation command line was

  $ ../configure --prefix=/home/wangjian/programs/nsp CXXFLAGS=-std=c++14 -g -I/home/wangjian/work/nsp/lib/boost_1_58_0

## --------- ##
## Platform. ##
## --------- ##

hostname = server.hpc.org
uname -m = x86_64
uname -r = 2.6.32-431.11.2.el6.x86_64
uname -s = Linux
uname -v = #1 SMP Tue Mar 25 19:59:55 UTC 2014

/usr/bin/uname -p = unknown
/bin/uname -X     = unknown

/bin/arch              = x86_64
/usr/bin/arch -k       = unknown
/usr/convex/getsysinfo = unknown
/usr/bin/hostinfo      = unknown
/bin/machine           = unknown
/usr/bin/oslevel       = unknown
/bin/universe          = unknown

PATH: /home/wangjian/programs/cmake-3.2.1/bin
PATH: /home/wangjian/programs/Anaconda-2.1.0/bin
PATH: /home/wangjian/programs/R-3.1.2/bin
PATH: /home/wangjian/lab/libsvm-3.20/tools
PATH: /home/wangjian/lab/libsvm-3.20/
PATH: /home/wangjian/lab/gcc-4.9.2/bin
PATH: /home/wangjian/lab/texinfo-4.7/bin
PATH: /home/wangjian/programs/Python-2.7.8/bin
PATH: /home/wangjian/programs/ncbi-blast-2.2.29+/bin
PATH: /home/wangjian/programs/nsp/bin
PATH: /home/wangjian/work/3dRNAscore/bin
PATH: /home/wangjian/programs/x3dna-v2.1/bin
PATH: /home/wangjian/mymol/include/
PATH: /home/wangjian/programs/gnuplot-4.6.0/bin
PATH: /home/wangjian/programs/gromacs-4.5.5/bin/
PATH: /home/wangjian/rosetta_3.1/rosetta_source/bin
PATH: /home/wangjian/bin
PATH: /opt/openmpi/bin
PATH: /usr/lib64/qt-3.3/bin
PATH: /usr/local/bin
PATH: /bin
PATH: /usr/bin
PATH: /usr/local/sbin
PATH: /usr/sbin
PATH: /sbin
PATH: /usr/java/latest/bin
PATH: /opt/pdsh/bin
PATH: /opt/rocks/bin
PATH: /opt/rocks/sbin
PATH: /home/wangjian/amber14/bin
PATH: /export/home/hyy/bin
PATH: /home/wangjian/programs/RNAVIEW/bin
PATH: /home/wangjian/programs/rasp-fd-1.0/bin
PATH: /home/wangjian/bin


## ----------- ##
## Core tests. ##
## ----------- ##

configure:1841: checking for a BSD-compatible install
configure:1909: result: /usr/bin/install -c
configure:1920: checking whether build environment is sane
configure:1980: result: yes
configure:2121: checking for a thread-safe mkdir -p
configure:2160: result: /bin/mkdir -p
configure:2173: checking for gawk
configure:2189: found /bin/gawk
configure:2200: result: gawk
configure:2211: checking whether make sets $(MAKE)
configure:2233: result: yes
configure:2364: checking for gcc
configure:2380: found /home/wangjian/lab/gcc-4.9.2/bin/gcc
configure:2391: result: gcc
configure:2623: checking for C compiler version
configure:2631: gcc --version >&5
gcc (GCC) 4.9.2
Copyright (C) 2014 Free Software Foundation, Inc.
This is free software; see the source for copying conditions.  There is NO
warranty; not even for MERCHANTABILITY or FITNESS FOR A PARTICULAR PURPOSE.

configure:2635: $? = 0
configure:2642: gcc -v >&5
Using built-in specs.
COLLECT_GCC=gcc
COLLECT_LTO_WRAPPER=/home/wangjian/lab/gcc-4.9.2/libexec/gcc/x86_64-unknown-linux-gnu/4.9.2/lto-wrapper
Target: x86_64-unknown-linux-gnu
Configured with: ../configure --prefix=/home/wangjian/lab/gcc-4.9.2 --with-gmp=/home/wangjian/programs/gmp-5.1.3 --with-mpfr=/home/wangjian/programs/mpfr-3.1.2 --with-mpc=/home/wangjian/programs/mpc-1.0.2 --disable-multilib
Thread model: posix
gcc version 4.9.2 (GCC) 
configure:2646: $? = 0
configure:2653: gcc -V >&5
gcc: error: unrecognized command line option '-V'
gcc: fatal error: no input files
compilation terminated.
configure:2657: $? = 1
configure:2680: checking for C compiler default output file name
configure:2702: gcc    conftest.c  >&5
configure:2706: $? = 0
configure:2744: result: a.out
configure:2763: checking whether the C compiler works
configure:2773: ./a.out
configure:2777: $? = 0
configure:2796: result: yes
configure:2803: checking whether we are cross compiling
configure:2805: result: no
configure:2808: checking for suffix of executables
configure:2815: gcc -o conftest    conftest.c  >&5
configure:2819: $? = 0
configure:2845: result: 
configure:2851: checking for suffix of object files
configure:2877: gcc -c   conftest.c >&5
configure:2881: $? = 0
configure:2906: result: o
configure:2910: checking whether we are using the GNU C compiler
configure:2939: gcc -c   conftest.c >&5
configure:2946: $? = 0
configure:2963: result: yes
configure:2972: checking whether gcc accepts -g
configure:3002: gcc -c -g  conftest.c >&5
configure:3009: $? = 0
configure:3110: result: yes
configure:3127: checking for gcc option to accept ISO C89
configure:3201: gcc  -c -g -O2  conftest.c >&5
configure:3208: $? = 0
configure:3231: result: none needed
configure:3260: checking for style of include used by make
configure:3288: result: GNU
configure:3313: checking dependency style of gcc
configure:3423: result: gcc3
configure:3496: checking for g++
configure:3512: found /home/wangjian/lab/gcc-4.9.2/bin/g++
configure:3523: result: g++
configure:3550: checking for C++ compiler version
configure:3558: g++ --version >&5
g++ (GCC) 4.9.2
Copyright (C) 2014 Free Software Foundation, Inc.
This is free software; see the source for copying conditions.  There is NO
warranty; not even for MERCHANTABILITY or FITNESS FOR A PARTICULAR PURPOSE.

configure:3562: $? = 0
configure:3569: g++ -v >&5
Using built-in specs.
COLLECT_GCC=g++
COLLECT_LTO_WRAPPER=/home/wangjian/lab/gcc-4.9.2/libexec/gcc/x86_64-unknown-linux-gnu/4.9.2/lto-wrapper
Target: x86_64-unknown-linux-gnu
Configured with: ../configure --prefix=/home/wangjian/lab/gcc-4.9.2 --with-gmp=/home/wangjian/programs/gmp-5.1.3 --with-mpfr=/home/wangjian/programs/mpfr-3.1.2 --with-mpc=/home/wangjian/programs/mpc-1.0.2 --disable-multilib
Thread model: posix
gcc version 4.9.2 (GCC) 
configure:3573: $? = 0
configure:3580: g++ -V >&5
g++: error: unrecognized command line option '-V'
g++: fatal error: no input files
compilation terminated.
configure:3584: $? = 1
configure:3587: checking whether we are using the GNU C++ compiler
configure:3616: g++ -c -std=c++14 -g -I/home/wangjian/work/nsp/lib/boost_1_58_0  conftest.cpp >&5
configure:3623: $? = 0
configure:3640: result: yes
configure:3649: checking whether g++ accepts -g
configure:3679: g++ -c -g  conftest.cpp >&5
configure:3686: $? = 0
configure:3787: result: yes
configure:3812: checking dependency style of g++
configure:3922: result: gcc3
configure:3980: checking for ranlib
configure:3996: found /usr/bin/ranlib
configure:4007: result: ranlib
configure:4210: creating ./config.status

## ---------------------- ##
## Running config.status. ##
## ---------------------- ##

This file was extended by nsp config.status 2.0, which was
generated by GNU Autoconf 2.63.  Invocation command line was

  CONFIG_FILES    = 
  CONFIG_HEADERS  = 
  CONFIG_LINKS    = 
  CONFIG_COMMANDS = 
  $ ./config.status 

on server.hpc.org

config.status:706: creating Makefile
config.status:706: creating src/Makefile
config.status:706: creating src/Utils/Makefile
config.status:706: creating src/DG/Makefile
config.status:706: creating src/Cluster/Makefile
config.status:706: creating src/Pdb/Makefile
config.status:706: creating src/MC/Makefile
config.status:706: creating src/Score_/Makefile
config.status:706: creating src/Nuc2D/Makefile
config.status:706: creating src/Nuc3D/Makefile
config.status:706: creating src/nsp/Makefile
config.status:910: executing depfiles commands

## ---------------- ##
## Cache variables. ##
## ---------------- ##

ac_cv_c_compiler_gnu=yes
ac_cv_cxx_compiler_gnu=yes
ac_cv_env_CCC_set=
ac_cv_env_CCC_value=
ac_cv_env_CC_set=
ac_cv_env_CC_value=
ac_cv_env_CFLAGS_set=
ac_cv_env_CFLAGS_value=
ac_cv_env_CPPFLAGS_set=
ac_cv_env_CPPFLAGS_value=
ac_cv_env_CXXFLAGS_set=set
ac_cv_env_CXXFLAGS_value='-std=c++14 -g -I/home/wangjian/work/nsp/lib/boost_1_58_0'
ac_cv_env_CXX_set=
ac_cv_env_CXX_value=
ac_cv_env_LDFLAGS_set=
ac_cv_env_LDFLAGS_value=
ac_cv_env_LIBS_set=
ac_cv_env_LIBS_value=
ac_cv_env_build_alias_set=
ac_cv_env_build_alias_value=
ac_cv_env_host_alias_set=
ac_cv_env_host_alias_value=
ac_cv_env_target_alias_set=
ac_cv_env_target_alias_value=
ac_cv_objext=o
ac_cv_path_install='/usr/bin/install -c'
ac_cv_path_mkdir=/bin/mkdir
ac_cv_prog_AWK=gawk
ac_cv_prog_ac_ct_CC=gcc
ac_cv_prog_ac_ct_CXX=g++
ac_cv_prog_ac_ct_RANLIB=ranlib
ac_cv_prog_cc_c89=
ac_cv_prog_cc_g=yes
ac_cv_prog_cxx_g=yes
ac_cv_prog_make_make_set=yes
am_cv_CC_dependencies_compiler_type=gcc3
am_cv_CXX_dependencies_compiler_type=gcc3

## ----------------- ##
## Output variables. ##
## ----------------- ##

ACLOCAL='${SHELL} /home/wangjian/work/nsp/missing --run aclocal-1.11'
AMDEPBACKSLASH='\'
AMDEP_FALSE='#'
AMDEP_TRUE=''
AMTAR='${SHELL} /home/wangjian/work/nsp/missing --run tar'
AUTOCONF='${SHELL} /home/wangjian/work/nsp/missing --run autoconf'
AUTOHEADER='${SHELL} /home/wangjian/work/nsp/missing --run autoheader'
AUTOMAKE='${SHELL} /home/wangjian/work/nsp/missing --run automake-1.11'
AWK='gawk'
CC='gcc'
CCDEPMODE='depmode=gcc3'
CFLAGS='-g -O2'
CPPFLAGS=''
CXX='g++'
CXXDEPMODE='depmode=gcc3'
CXXFLAGS='-std=c++14 -g -I/home/wangjian/work/nsp/lib/boost_1_58_0'
CYGPATH_W='echo'
DEFS='-DPACKAGE_NAME=\"nsp\" -DPACKAGE_TARNAME=\"nsp\" -DPACKAGE_VERSION=\"2.0\" -DPACKAGE_STRING=\"nsp\ 2.0\" -DPACKAGE_BUGREPORT=\"wj_hust08@163.com\" -DPACKAGE=\"nsp\" -DVERSION=\"2.0\"'
DEPDIR='.deps'
ECHO_C=''
ECHO_N='-n'
ECHO_T=''
EXEEXT=''
INSTALL_DATA='${INSTALL} -m 644'
INSTALL_PROGRAM='${INSTALL}'
INSTALL_SCRIPT='${INSTALL}'
INSTALL_STRIP_PROGRAM='$(install_sh) -c -s'
LDFLAGS=''
LIBOBJS=''
LIBS=''
LTLIBOBJS=''
MAKEINFO='${SHELL} /home/wangjian/work/nsp/missing --run makeinfo'
MKDIR_P='/bin/mkdir -p'
OBJEXT='o'
PACKAGE='nsp'
PACKAGE_BUGREPORT='wj_hust08@163.com'
PACKAGE_NAME='nsp'
PACKAGE_STRING='nsp 2.0'
PACKAGE_TARNAME='nsp'
PACKAGE_VERSION='2.0'
PATH_SEPARATOR=':'
RANLIB='ranlib'
SET_MAKE=''
SHELL='/bin/sh'
STRIP=''
VERSION='2.0'
ac_ct_CC='gcc'
ac_ct_CXX='g++'
am__EXEEXT_FALSE=''
am__EXEEXT_TRUE='#'
am__fastdepCC_FALSE='#'
am__fastdepCC_TRUE=''
am__fastdepCXX_FALSE='#'
am__fastdepCXX_TRUE=''
am__include='include'
am__isrc=' -I$(srcdir)'
am__leading_dot='.'
am__quote=''
am__tar='${AMTAR} chof - "$$tardir"'
am__untar='${AMTAR} xf -'
bindir='${exec_prefix}/bin'
build_alias=''
datadir='${datarootdir}'
datarootdir='${prefix}/share'
docdir='${datarootdir}/doc/${PACKAGE_TARNAME}'
dvidir='${docdir}'
exec_prefix='${prefix}'
host_alias=''
htmldir='${docdir}'
includedir='${prefix}/include'
infodir='${datarootdir}/info'
install_sh='${SHELL} /home/wangjian/work/nsp/install-sh'
libdir='${exec_prefix}/lib'
libexecdir='${exec_prefix}/libexec'
localedir='${datarootdir}/locale'
localstatedir='${prefix}/var'
mandir='${datarootdir}/man'
mkdir_p='/bin/mkdir -p'
oldincludedir='/usr/include'
pdfdir='${docdir}'
prefix='/home/wangjian/programs/nsp'
program_transform_name='s,x,x,'
psdir='${docdir}'
sbindir='${exec_prefix}/sbin'
sharedstatedir='${prefix}/com'
sysconfdir='${prefix}/etc'
target_alias=''

## ----------- ##
## confdefs.h. ##
## ----------- ##

#define PACKAGE_NAME "nsp"
#define PACKAGE_TARNAME "nsp"
#define PACKAGE_VERSION "2.0"
#define PACKAGE_STRING "nsp 2.0"
#define PACKAGE_BUGREPORT "wj_hust08@163.com"
#define PACKAGE "nsp"
#define VERSION "2.0"

configure: exit 0
