=========================================================
Job: assemble
Fri Sep  4 14:31:25 2015  start...
ACCCCU
(....)
----------------------------------------
Construct 2D structures...
Find templates...
  for loop: ACCCCU ......
    find no appropriate templates!
Create templates...
  for loop: ACCCCU ......
    create a loop template (penalty energy: 2.353387).
Assemble templates...
  Assemble model 1
    Rebuild chains...
    Mutate...
    Add phosphate group...
----------------------------------------
Fri Sep  4 14:31:26 2015  done...
Time elapsed: 0.950000s
=========================================================



